15:40:39.687 [main] ERROR testCases.TC_001AccountRegisterationTest - Test Failed..
15:40:39.703 [main] DEBUG testCases.TC_001AccountRegisterationTest - debug logs...
15:40:46.637 [main] INFO  testCases.TC_002LoginTest - ********* Starting TC_002LoginTest ***********
15:40:46.638 [main] INFO  testCases.TC_002LoginTest - ** Click on My Account link **
15:40:46.986 [main] INFO  testCases.TC_002LoginTest - ** Click on Login link **
15:40:48.084 [main] INFO  testCases.TC_002LoginTest - ** Entering Email: pa123@gmail.com **
15:40:48.553 [main] INFO  testCases.TC_002LoginTest - ** Entering Password **
15:40:48.852 [main] INFO  testCases.TC_002LoginTest - ** Clicking Login button **
15:40:50.787 [main] INFO  testCases.TC_002LoginTest - ** Verifying My Account Page existence **
15:40:50.931 [main] INFO  testCases.TC_002LoginTest - ** Login Test Passed **
15:40:50.931 [main] INFO  testCases.TC_002LoginTest - ******** finished TC_002LoginTest
15:48:33.529 [main] DEBUG org.testng.TestNG - suiteXmlPath: "C:\Users\Admin\eclipse-workspace\Opencart101\test-output\testng-failed.xml"
15:48:34.236 [main] INFO  org.testng.internal.Utils - [TestNG] Running:
  C:\Users\Admin\eclipse-workspace\Opencart101\test-output\testng-failed.xml

15:49:26.112 [main] INFO  testCases.TC_001AccountRegisterationTest - ********* Starting TC_001AccountRegisterationTest *******
15:49:26.228 [main] INFO  testCases.TC_001AccountRegisterationTest - ** Clicking on My Account link **
15:49:26.480 [main] INFO  testCases.TC_001AccountRegisterationTest - Clicking on 'Register' link
15:49:33.416 [main] INFO  testCases.TC_001AccountRegisterationTest - ** Providing Customer details**
15:49:33.918 [main] DEBUG testCases.TC_001AccountRegisterationTest - Generated First Name: REGINALD
15:49:33.919 [main] DEBUG testCases.TC_001AccountRegisterationTest - Generated Last Name: KOEPP
15:49:33.919 [main] DEBUG testCases.TC_001AccountRegisterationTest - Generated Email: adrianna.gerhold@gmail.com
15:49:35.337 [main] INFO  testCases.TC_001AccountRegisterationTest - Selecting Newsletter subscription option
15:49:35.559 [main] INFO  testCases.TC_001AccountRegisterationTest - Accepting Privacy Policy
15:49:35.781 [main] INFO  testCases.TC_001AccountRegisterationTest - Clicking on Continue button
15:49:37.287 [main] INFO  testCases.TC_001AccountRegisterationTest - Validating expected message...
15:49:37.363 [main] DEBUG testCases.TC_001AccountRegisterationTest - Actual confirmation message: Your Account Has Been Created!
15:49:37.363 [main] INFO  testCases.TC_001AccountRegisterationTest - ********* Test Passed: Account Registration successful *********
15:49:37.372 [main] INFO  testCases.TC_001AccountRegisterationTest - ********* Test Finished: Account Registration *********
15:51:49.577 [main] DEBUG org.testng.TestNG - suiteXmlPath: "C:\Users\Admin\eclipse-workspace\Opencart101\Grouping.xml"
15:51:50.446 [main] INFO  org.testng.internal.Utils - [TestNG] Running:
  C:\Users\Admin\eclipse-workspace\Opencart101\Grouping.xml

15:51:55.214 [main] INFO  testCases.TC_001AccountRegisterationTest - ********* Starting TC_001AccountRegisterationTest *******
15:51:55.287 [main] INFO  testCases.TC_001AccountRegisterationTest - ** Clicking on My Account link **
15:51:56.038 [main] INFO  testCases.TC_001AccountRegisterationTest - Clicking on 'Register' link
15:51:56.719 [main] INFO  testCases.TC_001AccountRegisterationTest - ** Providing Customer details**
15:51:57.202 [main] DEBUG testCases.TC_001AccountRegisterationTest - Generated First Name: BRYANT
15:51:57.204 [main] DEBUG testCases.TC_001AccountRegisterationTest - Generated Last Name: BALISTRERI
15:51:57.204 [main] DEBUG testCases.TC_001AccountRegisterationTest - Generated Email: chad.gislason@gmail.com@gmail
15:51:58.521 [main] INFO  testCases.TC_001AccountRegisterationTest - Selecting Newsletter subscription option
15:51:58.766 [main] INFO  testCases.TC_001AccountRegisterationTest - Accepting Privacy Policy
15:51:59.008 [main] INFO  testCases.TC_001AccountRegisterationTest - Clicking on Continue button
15:51:59.271 [main] INFO  testCases.TC_001AccountRegisterationTest - Validating expected message...
15:52:09.388 [main] DEBUG testCases.TC_001AccountRegisterationTest - Actual confirmation message: no such element: Unable to locate element: {"method":"xpath","selector":"//h1[normalize-space()='Your Account Has Been Created!']"}
  (Session info: chrome=140.0.7339.128)
For documentation on this error, please visit: https://www.selenium.dev/documentation/webdriver/troubleshooting/errors#no-such-element-exception
Build info: version: '4.35.0', revision: '1c58e5028b'
System info: os.name: 'Windows 10', os.arch: 'amd64', os.version: '10.0', java.version: '23.0.2'
Driver info: org.openqa.selenium.chrome.ChromeDriver
Command: [ab944e0ca2583b58f531a134fc6aebbd, findElement {value=//h1[normalize-space()='Your Account Has Been Created!'], using=xpath}]
Capabilities {acceptInsecureCerts: false, browserName: chrome, browserVersion: 140.0.7339.128, chrome: {chromedriverVersion: 140.0.7339.185 (eeea00e459e..., userDataDir: C:\Users\Admin\AppData\Loca...}, fedcm:accounts: true, goog:chromeOptions: {debuggerAddress: localhost:51534}, networkConnectionEnabled: false, pageLoadStrategy: normal, platformName: windows, proxy: Proxy(), se:cdp: ws://localhost:51534/devtoo..., se:cdpVersion: 140.0.7339.128, setWindowRect: true, strictFileInteractability: false, timeouts: {implicit: 0, pageLoad: 300000, script: 30000}, unhandledPromptBehavior: dismiss and notify, webauthn:extension:credBlob: true, webauthn:extension:largeBlob: true, webauthn:extension:minPinLength: true, webauthn:extension:prf: true, webauthn:virtualAuthenticators: true}
Session ID: ab944e0ca2583b58f531a134fc6aebbd
