13:28:45.699 [main] INFO  testCases.TC_001AccountRegisterationTest - ** Clicking on My Account link **
13:28:46.639 [main] INFO  testCases.TC_001AccountRegisterationTest - Clicking on 'Register' link
13:28:47.518 [main] INFO  testCases.TC_001AccountRegisterationTest - ** Providing Customer details**
13:28:48.236 [main] DEBUG testCases.TC_001AccountRegisterationTest - Generated First Name: RICHIE
13:28:48.245 [main] DEBUG testCases.TC_001AccountRegisterationTest - Generated Last Name: CONNELLY
13:28:48.246 [main] DEBUG testCases.TC_001AccountRegisterationTest - Generated Email: alexander.fay@gmail.com@gmail
13:28:49.771 [main] INFO  testCases.TC_001AccountRegisterationTest - Selecting Newsletter subscription option
13:28:50.005 [main] INFO  testCases.TC_001AccountRegisterationTest - Accepting Privacy Policy
13:28:50.220 [main] INFO  testCases.TC_001AccountRegisterationTest - Clicking on Continue button
13:28:50.431 [main] INFO  testCases.TC_001AccountRegisterationTest - Validating expected message...
13:29:00.519 [main] DEBUG testCases.TC_001AccountRegisterationTest - Actual confirmation message: no such element: Unable to locate element: {"method":"xpath","selector":"//h1[normalize-space()='Your Account Has Been Created!']"}
  (Session info: chrome=140.0.7339.128)
For documentation on this error, please visit: https://www.selenium.dev/documentation/webdriver/troubleshooting/errors#no-such-element-exception
Build info: version: '4.35.0', revision: '1c58e5028b'
System info: os.name: 'Windows 10', os.arch: 'amd64', os.version: '10.0', java.version: '23.0.2'
Driver info: org.openqa.selenium.chrome.ChromeDriver
Command: [ee619f9e83d7abd6643801a38cf07abd, findElement {using=xpath, value=//h1[normalize-space()='Your Account Has Been Created!']}]
Capabilities {acceptInsecureCerts: false, browserName: chrome, browserVersion: 140.0.7339.128, chrome: {chromedriverVersion: 140.0.7339.185 (eeea00e459e..., userDataDir: C:\Users\Admin\AppData\Loca...}, fedcm:accounts: true, goog:chromeOptions: {debuggerAddress: localhost:51123}, networkConnectionEnabled: false, pageLoadStrategy: normal, platformName: windows, proxy: Proxy(), se:cdp: ws://localhost:51123/devtoo..., se:cdpVersion: 140.0.7339.128, setWindowRect: true, strictFileInteractability: false, timeouts: {implicit: 0, pageLoad: 300000, script: 30000}, unhandledPromptBehavior: dismiss and notify, webauthn:extension:credBlob: true, webauthn:extension:largeBlob: true, webauthn:extension:minPinLength: true, webauthn:extension:prf: true, webauthn:virtualAuthenticators: true}
Session ID: ee619f9e83d7abd6643801a38cf07abd
13:29:00.521 [main] ERROR testCases.TC_001AccountRegisterationTest - Test Failed..
13:29:00.521 [main] DEBUG testCases.TC_001AccountRegisterationTest - debug logs...
13:29:06.538 [main] INFO  testCases.TC_002LoginTest - ********* Starting TC_002LoginTest ***********
13:29:06.539 [main] INFO  testCases.TC_002LoginTest - ** Click on My Account link **
13:29:07.273 [main] INFO  testCases.TC_002LoginTest - ** Click on Login link **
13:29:08.334 [main] INFO  testCases.TC_002LoginTest - ** Entering Email: pa123@gmail.com **
13:29:08.818 [main] INFO  testCases.TC_002LoginTest - ** Entering Password **
13:29:09.149 [main] INFO  testCases.TC_002LoginTest - ** Clicking Login button **
13:29:10.321 [main] INFO  testCases.TC_002LoginTest - ** Verifying My Account Page existence **
13:29:10.418 [main] INFO  testCases.TC_002LoginTest - ** Login Test Passed **
13:29:10.418 [main] INFO  testCases.TC_002LoginTest - ******** finished TC_002LoginTest
13:29:52.279 [main] DEBUG org.testng.TestNG - suiteXmlPath: "C:\Users\Admin\eclipse-workspace\Opencart101\Grouping.xml"
13:29:58.789 [main] INFO  testCases.TC_001AccountRegisterationTest - ********* Starting TC_001AccountRegisterationTest *******
13:29:58.898 [main] INFO  testCases.TC_001AccountRegisterationTest - ** Clicking on My Account link **
13:29:59.863 [main] INFO  testCases.TC_001AccountRegisterationTest - Clicking on 'Register' link
13:30:00.879 [main] INFO  testCases.TC_001AccountRegisterationTest - ** Providing Customer details**
13:30:01.630 [main] DEBUG testCases.TC_001AccountRegisterationTest - Generated First Name: EULAH
13:30:01.630 [main] DEBUG testCases.TC_001AccountRegisterationTest - Generated Last Name: ORTIZ
13:30:01.631 [main] DEBUG testCases.TC_001AccountRegisterationTest - Generated Email: jacquiline.connelly@hotmail.com@gmail
13:30:04.051 [main] INFO  testCases.TC_001AccountRegisterationTest - Selecting Newsletter subscription option
13:30:04.483 [main] INFO  testCases.TC_001AccountRegisterationTest - Accepting Privacy Policy
13:30:04.749 [main] INFO  testCases.TC_001AccountRegisterationTest - Clicking on Continue button
13:30:05.014 [main] INFO  testCases.TC_001AccountRegisterationTest - Validating expected message...
13:30:15.103 [main] DEBUG testCases.TC_001AccountRegisterationTest - Actual confirmation message: no such element: Unable to locate element: {"method":"xpath","selector":"//h1[normalize-space()='Your Account Has Been Created!']"}
  (Session info: chrome=140.0.7339.128)
For documentation on this error, please visit: https://www.selenium.dev/documentation/webdriver/troubleshooting/errors#no-such-element-exception
Build info: version: '4.35.0', revision: '1c58e5028b'
System info: os.name: 'Windows 10', os.arch: 'amd64', os.version: '10.0', java.version: '17.0.12'
Driver info: org.openqa.selenium.chrome.ChromeDriver
Command: [b74e6eafe782eacf5bf4a4f019ce7fe6, findElement {value=//h1[normalize-space()='Your Account Has Been Created!'], using=xpath}]
Capabilities {acceptInsecureCerts: false, browserName: chrome, browserVersion: 140.0.7339.128, chrome: {chromedriverVersion: 140.0.7339.185 (eeea00e459e..., userDataDir: C:\Users\Admin\AppData\Loca...}, fedcm:accounts: true, goog:chromeOptions: {debuggerAddress: localhost:51177}, networkConnectionEnabled: false, pageLoadStrategy: normal, platformName: windows, proxy: Proxy(), se:cdp: ws://localhost:51177/devtoo..., se:cdpVersion: 140.0.7339.128, setWindowRect: true, strictFileInteractability: false, timeouts: {implicit: 0, pageLoad: 300000, script: 30000}, unhandledPromptBehavior: dismiss and notify, webauthn:extension:credBlob: true, webauthn:extension:largeBlob: true, webauthn:extension:minPinLength: true, webauthn:extension:prf: true, webauthn:virtualAuthenticators: true}
Session ID: b74e6eafe782eacf5bf4a4f019ce7fe6
